2020-06-11 22:25:18.470  INFO 20350 --- [restartedMain] c.m.p.ProjectManagementApplication       : Starting ProjectManagementApplication on maaush with PID 20350 (/home/maaush/git/project-management/target/classes started by maaush in /home/maaush/git/project-management)
2020-06-11 22:25:18.473 DEBUG 20350 --- [restartedMain] c.m.p.ProjectManagementApplication       : Running with Spring Boot v2.3.0.RELEASE, Spring v5.2.6.RELEASE
2020-06-11 22:25:18.473  INFO 20350 --- [restartedMain] c.m.p.ProjectManagementApplication       : The following profiles are active: dev
2020-06-11 22:25:18.534  INFO 20350 --- [restartedMain] .e.DevToolsPropertyDefaultsPostProcessor : Devtools property defaults active! Set 'spring.devtools.add-properties' to 'false' to disable
2020-06-11 22:25:18.535  INFO 20350 --- [restartedMain] .e.DevToolsPropertyDefaultsPostProcessor : For additional web related logging consider setting the 'logging.level.web' property to 'DEBUG'
2020-06-11 22:25:19.418  INFO 20350 --- [restartedMain] .s.d.r.c.RepositoryConfigurationDelegate : Bootstrapping Spring Data JPA repositories in DEFERRED mode.
2020-06-11 22:25:19.484  INFO 20350 --- [restartedMain] .s.d.r.c.RepositoryConfigurationDelegate : Finished Spring Data repository scanning in 55ms. Found 3 JPA repository interfaces.
2020-06-11 22:25:20.307  INFO 20350 --- [restartedMain] o.s.b.w.embedded.tomcat.TomcatWebServer  : Tomcat initialized with port(s): 8080 (http)
2020-06-11 22:25:20.373  INFO 20350 --- [restartedMain] o.s.web.context.ContextLoader            : Root WebApplicationContext: initialization completed in 1838 ms
2020-06-11 22:25:20.515  INFO 20350 --- [restartedMain] o.s.b.a.h2.H2ConsoleAutoConfiguration    : H2 console available at '/h2-console'. Database available at 'jdbc:postgresql://localhost:5432/pma-springbootdb'
2020-06-11 22:25:20.764  INFO 20350 --- [restartedMain] o.s.s.concurrent.ThreadPoolTaskExecutor  : Initializing ExecutorService 'applicationTaskExecutor'
2020-06-11 22:25:21.084  WARN 20350 --- [restartedMain] JpaBaseConfiguration$JpaWebConfiguration : spring.jpa.open-in-view is enabled by default. Therefore, database queries may be performed during view rendering. Explicitly configure spring.jpa.open-in-view to disable this warning
2020-06-11 22:25:21.382  INFO 20350 --- [restartedMain] o.s.s.web.DefaultSecurityFilterChain     : Creating filter chain: any request, [org.springframework.security.web.context.request.async.WebAsyncManagerIntegrationFilter@2e471f5b, org.springframework.security.web.context.SecurityContextPersistenceFilter@5ee2ffa8, org.springframework.security.web.header.HeaderWriterFilter@8d102f7, org.springframework.security.web.csrf.CsrfFilter@7ca7fa3b, org.springframework.security.web.authentication.logout.LogoutFilter@506f395a, org.springframework.security.web.authentication.UsernamePasswordAuthenticationFilter@7572e91, org.springframework.security.web.authentication.ui.DefaultLoginPageGeneratingFilter@46e9d883, org.springframework.security.web.authentication.ui.DefaultLogoutPageGeneratingFilter@2734ae3b, org.springframework.security.web.savedrequest.RequestCacheAwareFilter@27e5196b, org.springframework.security.web.servletapi.SecurityContextHolderAwareRequestFilter@33697a68, org.springframework.security.web.authentication.AnonymousAuthenticationFilter@48320c4b, org.springframework.security.web.session.SessionManagementFilter@2ec51284, org.springframework.security.web.access.ExceptionTranslationFilter@193b67c1, org.springframework.security.web.access.intercept.FilterSecurityInterceptor@49925041]
2020-06-11 22:25:21.955  INFO 20350 --- [task-1] j.LocalContainerEntityManagerFactoryBean : Initialized JPA EntityManagerFactory for persistence unit 'default'
2020-06-11 22:25:22.448  INFO 20350 --- [restartedMain] o.s.b.d.a.OptionalLiveReloadServer       : LiveReload server is running on port 35729
2020-06-11 22:25:22.488  INFO 20350 --- [restartedMain] o.s.b.w.embedded.tomcat.TomcatWebServer  : Tomcat started on port(s): 8080 (http) with context path ''
2020-06-11 22:25:22.489  INFO 20350 --- [restartedMain] DeferredRepositoryInitializationListener : Triggering deferred initialization of Spring Data repositories…
2020-06-11 22:25:22.569  INFO 20350 --- [restartedMain] DeferredRepositoryInitializationListener : Spring Data repositories initialized!
2020-06-11 22:25:22.595  INFO 20350 --- [restartedMain] c.m.p.ProjectManagementApplication       : Started ProjectManagementApplication in 4.698 seconds (JVM running for 5.59)
2020-06-11 22:25:24.381  INFO 20350 --- [http-nio-8080-exec-1] o.s.web.servlet.DispatcherServlet        : Initializing Servlet 'dispatcherServlet'
2020-06-11 22:25:24.387  INFO 20350 --- [http-nio-8080-exec-1] o.s.web.servlet.DispatcherServlet        : Completed initialization in 6 ms
2020-06-11 22:25:24.429 DEBUG 20350 --- [http-nio-8080-exec-1] c.m.p.a.l.ApplicationLoggerAspect        : *************** Before Method Execution *************** 
com.meb.projectmanagement.controllers.AppErrorController.handleError() with arguments[s] = [SecurityContextHolderAwareRequestWrapper[ org.springframework.security.web.context.HttpSessionSecurityContextRepository$SaveToSessionRequestWrapper@17e0065]]
2020-06-11 22:25:24.429 DEBUG 20350 --- [http-nio-8080-exec-1] c.m.p.a.l.ApplicationLoggerAspect        : ******************************


2020-06-11 22:25:24.433 DEBUG 20350 --- [http-nio-8080-exec-1] c.m.p.a.l.ApplicationLoggerAspect        : *************** After Method Execution *************** 
com.meb.projectmanagement.controllers.AppErrorController.handleError() with arguments[s] = [SecurityContextHolderAwareRequestWrapper[ org.springframework.security.web.context.HttpSessionSecurityContextRepository$SaveToSessionRequestWrapper@17e0065]]
2020-06-11 22:25:24.433 DEBUG 20350 --- [http-nio-8080-exec-1] c.m.p.a.l.ApplicationLoggerAspect        : ******************************


2020-06-11 22:25:24.621 DEBUG 20350 --- [http-nio-8080-exec-2] c.m.p.a.l.ApplicationLoggerAspect        : *************** Before Method Execution *************** 
com.meb.projectmanagement.controllers.AppErrorController.handleError() with arguments[s] = [SecurityContextHolderAwareRequestWrapper[ org.springframework.security.web.context.HttpSessionSecurityContextRepository$SaveToSessionRequestWrapper@38ca6683]]
2020-06-11 22:25:24.622 DEBUG 20350 --- [http-nio-8080-exec-2] c.m.p.a.l.ApplicationLoggerAspect        : ******************************


2020-06-11 22:25:24.622 DEBUG 20350 --- [http-nio-8080-exec-2] c.m.p.a.l.ApplicationLoggerAspect        : *************** After Method Execution *************** 
com.meb.projectmanagement.controllers.AppErrorController.handleError() with arguments[s] = [SecurityContextHolderAwareRequestWrapper[ org.springframework.security.web.context.HttpSessionSecurityContextRepository$SaveToSessionRequestWrapper@38ca6683]]
2020-06-11 22:25:24.622 DEBUG 20350 --- [http-nio-8080-exec-2] c.m.p.a.l.ApplicationLoggerAspect        : ******************************


